TN:
SF:public\js\add-student.js
FN:1,addStudent
FN:28,request.onload
FN:48,request.onerror
FN:1,addStudent
FN:28,request.onload
FN:51,request.onerror
FNF:6
FNH:5
FNDA:7,addStudent
FNDA:5,request.onload
FNDA:3,request.onerror
FNDA:3,addStudent
FNDA:5,request.onload
FNDA:0,request.onerror
DA:1,7
DA:2,7
DA:3,7
DA:4,7
DA:5,7
DA:6,7
DA:7,7
DA:8,7
DA:9,7
DA:10,7
DA:11,7
DA:12,1
DA:13,1
DA:14,1
DA:15,6
DA:16,6
DA:17,6
DA:18,1
DA:19,1
DA:20,1
DA:21,5
DA:22,5
DA:23,5
DA:24,5
DA:25,5
DA:26,5
DA:27,5
DA:28,5
DA:29,5
DA:30,5
DA:31,5
DA:32,5
DA:33,5
DA:34,4
DA:35,4
DA:36,4
DA:37,4
DA:38,4
DA:39,4
DA:40,5
DA:41,1
DA:42,1
DA:43,4
DA:44,1
DA:45,1
DA:46,4
DA:47,4
DA:48,4
DA:49,1
DA:50,5
DA:51,5
DA:52,4
DA:53,4
DA:54,5
DA:55,1
DA:56,1
DA:57,1
DA:58,3
LF:58
LH:58
BRDA:1,0,0,7
BRDA:11,1,0,1
BRDA:17,2,0,1
BRDA:28,3,0,5
BRDA:40,4,0,1
BRDA:43,5,0,1
BRDA:33,6,0,4
BRDA:33,7,0,4
BRDA:33,8,0,4
BRDA:41,9,0,0
BRDA:1,10,0,3
BRDA:11,11,0,6
BRDA:11,12,0,6
BRDA:11,13,0,6
BRDA:15,14,0,2
BRDA:28,15,0,1
BRDA:40,16,0,4
BRDA:45,17,0,0
BRDA:21,18,0,1
BRF:19
BRH:17
end_of_record
