TN:
SF:index.js
FN:33,(anonymous_0)
FN:71,(anonymous_1)
FNF:2
FNH:2
FNDA:8,(anonymous_0)
FNDA:1,(anonymous_1)
DA:1,1
DA:2,1
DA:3,1
DA:4,1
DA:5,1
DA:6,1
DA:7,1
DA:9,1
DA:11,1
DA:12,1
DA:13,1
DA:14,1
DA:16,1
DA:17,1
DA:18,1
DA:27,1
DA:29,1
DA:33,1
DA:34,8
DA:35,8
DA:37,8
DA:38,5
DA:41,3
DA:43,3
DA:44,3
DA:45,3
DA:46,3
DA:60,3
DA:61,3
DA:62,3
DA:71,1
DA:72,1
DA:73,1
DA:76,1
DA:79,1
LF:35
LH:35
BRDA:11,0,0,1
BRDA:11,0,1,1
BRDA:37,1,0,5
BRDA:37,1,1,3
BRDA:37,2,0,8
BRDA:37,2,1,6
BRDA:37,2,2,5
BRDA:37,2,3,4
BRDA:73,3,0,1
BRF:9
BRH:9
end_of_record
TN:
SF:models\students.js
FN:3,(anonymous_0)
FNF:1
FNH:1
FNDA:6,(anonymous_0)
DA:4,6
DA:5,6
DA:6,6
DA:7,6
DA:12,6
DA:13,6
DA:14,6
DA:19,1
LF:8
LH:8
BRF:0
BRH:0
end_of_record
TN:
SF:utils\addStudent.js
FN:8,addStudent
FNF:1
FNH:1
FNDA:3,addStudent
DA:1,1
DA:2,1
DA:3,1
DA:5,1
DA:6,1
DA:9,3
DA:10,3
DA:11,3
DA:13,3
DA:14,3
DA:15,3
DA:16,3
DA:18,0
DA:19,0
DA:20,0
DA:21,0
DA:23,0
DA:27,3
DA:28,3
DA:29,3
DA:31,0
DA:32,0
DA:36,1
LF:23
LH:16
BRDA:18,0,0,0
BRDA:18,0,1,0
BRF:2
BRH:0
end_of_record
