TN:
SF:index.js
FN:31,(anonymous_0)
FNF:1
FNH:1
FNDA:1,(anonymous_0)
DA:1,1
DA:2,1
DA:3,1
DA:4,1
DA:5,1
DA:7,1
DA:9,1
DA:10,1
DA:12,1
DA:13,1
DA:14,1
DA:23,1
DA:25,1
DA:29,1
DA:31,1
DA:32,1
DA:33,1
DA:36,1
DA:39,1
LF:19
LH:19
BRDA:9,0,0,1
BRDA:9,0,1,1
BRDA:33,1,0,1
BRF:3
BRH:3
end_of_record
TN:
SF:models\students.js
FN:3,(anonymous_0)
FNF:1
FNH:1
FNDA:3,(anonymous_0)
DA:4,3
DA:5,3
DA:6,3
DA:7,3
DA:12,3
DA:13,3
DA:14,3
DA:19,1
LF:8
LH:8
BRF:0
BRH:0
end_of_record
TN:
SF:utils\addStudent.js
FN:8,addStudent
FNF:1
FNH:1
FNDA:8,addStudent
DA:1,1
DA:2,1
DA:3,1
DA:5,1
DA:6,1
DA:9,8
DA:10,8
DA:12,8
DA:13,5
DA:16,3
DA:18,3
DA:19,3
DA:20,3
DA:21,3
DA:23,0
DA:24,0
DA:25,0
DA:26,0
DA:28,0
DA:32,3
DA:33,3
DA:34,3
DA:36,0
DA:37,0
DA:41,1
LF:25
LH:18
BRDA:12,0,0,5
BRDA:12,0,1,3
BRDA:12,1,0,8
BRDA:12,1,1,6
BRDA:12,1,2,5
BRDA:12,1,3,4
BRDA:23,2,0,0
BRDA:23,2,1,0
BRF:8
BRH:6
end_of_record
